<?xml version="1.0" encoding="UTF-8"?>
<testsuite xmlns:xsi="http://www.w3.org/2001/XMLSchema-instance" xsi:noNamespaceSchemaLocation="https://maven.apache.org/surefire/maven-surefire-plugin/xsd/surefire-test-report-3.0.xsd" version="3.0" name="spring.web.flux.essentials_devdojo.EssentialsDevdojoApplicationTests" time="1.212" tests="1" errors="0" skipped="0" failures="0">
  <properties>
[...]
</properties>
  <testcase name="contextLoads" classname="spring.web.flux.essentials_devdojo.EssentialsDevdojoApplicationTests" time="0.414">
    <system-out><![CDATA[22:53:03.395 [main] INFO org.springframework.test.context.support.AnnotationConfigContextLoaderUtils -- Could not detect default configuration classes for test class [spring.web.flux.essentials_devdojo.EssentialsDevdojoApplicationTests]: EssentialsDevdojoApplicationTests does not declare any static, non-private, non-final, nested classes annotated with @Configuration.
22:53:03.438 [main] INFO org.springframework.boot.test.context.SpringBootTestContextBootstrapper -- Found @SpringBootConfiguration spring.web.flux.essentials_devdojo.EssentialsDevdojoApplication for test class spring.web.flux.essentials_devdojo.EssentialsDevdojoApplicationTests

  .   ____          _            __ _ _
 /\\ / ___'_ __ _ _(_)_ __  __ _ \ \ \ \
( ( )\___ | '_ | '_| | '_ \/ _` | \ \ \ \
 \\/  ___)| |_)| | | | | || (_| |  ) ) ) )
  '  |____| .__|_| |_|_| |_\__, | / / / /
 =========|_|==============|___/=/_/_/_/

 :: Spring Boot ::                (v3.3.4)

2024-09-19T22:53:03.636-03:00  INFO 28877 --- [essentials-devdojo] [           main] .w.f.e.EssentialsDevdojoApplicationTests : Starting EssentialsDevdojoApplicationTests using Java 17.0.12 with PID 28877 (started by jeanverso in /home/jeanverso/git/spring-web-flux-essentials-devdojo)
2024-09-19T22:53:03.637-03:00  INFO 28877 --- [essentials-devdojo] [           main] .w.f.e.EssentialsDevdojoApplicationTests : No active profile set, falling back to 1 default profile: "default"
2024-09-19T22:53:04.116-03:00  INFO 28877 --- [essentials-devdojo] [           main] .w.f.e.EssentialsDevdojoApplicationTests : Started EssentialsDevdojoApplicationTests in 0.613 seconds (process running for 1.045)
]]></system-out>
  </testcase>
</testsuite>